main: 277338.2000
| malloc_upto_8: 14.2000
| quickSort: 257907.8000
| | partition: 16023.2000
| | | swap: 70.6000
| | | swap: 52.8000
| | | swap: 60.3000
| | | swap: 56.0000
| | | swap: 45.3000
| | | swap: 77.2000
| | | swap: 45.3000
| | | swap: 57.4000
| | | swap: 60.3000
| | | swap: 65.6000
| | | swap: 45.3000
| | | swap: 57.6000
| | | swap: 45.3000
| | | swap: 60.8000
| | | swap: 45.3000
| | | swap: 64.0000
| | | swap: 50.3000
| | | swap: 65.6000
| | | swap: 45.3000
| | | swap: 77.2000
| | | swap: 45.3000
| | | swap: 64.0000
| | | swap: 57.8000
| | | swap: 69.7000
| | | swap: 45.3000
| | | swap: 60.6000
| | | swap: 45.3000
| | | swap: 57.4000
| | | swap: 50.3000
| | | swap: 50.3000
| | | swap: 50.3000
| | | swap: 71.5000
| | | swap: 45.3000
| | | swap: 57.4000
| | | swap: 45.3000
| | | swap: 64.0000
| | | swap: 45.3000
| | | swap: 60.6000
| | | swap: 52.8000
| | | swap: 68.1000
| | | swap: 55.3000
| | | swap: 66.5000
| | | swap: 50.3000
| | | swap: 59.0000
| | | swap: 52.8000
| | | swap: 68.3000
| | | swap: 55.3000
| | | swap: 69.7000
| | | swap: 45.3000
| | | swap: 57.4000
| | | swap: 45.3000
| | | swap: 60.8000
| | | swap: 50.3000
| | | swap: 68.3000
| | | swap: 50.3000
| | | swap: 59.0000
| | | swap: 60.3000
| | | swap: 62.2000
| | | swap: 65.3000
| | | swap: 66.5000
| | | swap: 60.3000
| | | swap: 65.6000
| | | swap: 55.3000
| | | swap: 69.7000
| | | swap: 50.3000
| | | swap: 59.0000
| | | swap: 65.3000
| | | swap: 66.5000
| | | swap: 50.3000
| | | swap: 71.5000
| | | swap: 55.3000
| | | swap: 69.7000
| | | swap: 45.3000
| | | swap: 77.2000
| | | swap: 50.3000
| | | swap: 59.0000
| | | swap: 45.3000
| | | swap: 64.0000
| | | swap: 50.3000
| | | swap: 56.0000
| | | swap: 50.3000
| | | swap: 68.1000
| | | swap: 54.6000
| | quickSort: 61622.1000
| | | partition: 8668.1000
| | | | swap: 95.6000
| | | | swap: 95.6000
| | | | swap: 95.6000
| | | | swap: 95.6000
| | | | swap: 95.6000
| | | | swap: 95.6000
| | | | swap: 95.6000
| | | | swap: 90.7000
| | | | swap: 92.3000
| | | | swap: 90.6000
| | | | swap: 88.9000
| | | | swap: 92.2000
| | | | swap: 88.9000
| | | | swap: 90.6000
| | | | swap: 87.3000
| | | | swap: 92.2000
| | | | swap: 85.5000
| | | | swap: 92.2000
| | | | swap: 79.1000
| | | | swap: 90.6000
| | | | swap: 77.5000
| | | | swap: 92.2000
| | | | swap: 75.3000
| | | | swap: 89.0000
| | | | swap: 75.3000
| | | | swap: 89.0000
| | | | swap: 75.3000
| | | | swap: 89.0000
| | | | swap: 75.3000
| | | | swap: 92.2000
| | | | swap: 75.3000
| | | | swap: 89.0000
| | | | swap: 75.3000
| | | | swap: 92.2000
| | | | swap: 75.3000
| | | | swap: 92.2000
| | | | swap: 75.3000
| | | | swap: 90.6000
| | | | swap: 75.3000
| | | | swap: 89.0000
| | | | swap: 75.3000
| | | | swap: 92.2000
| | | | swap: 75.3000
| | | | swap: 92.2000
| | | | swap: 75.3000
| | | | swap: 92.2000
| | | | swap: 75.3000
| | | | swap: 90.6000
| | | | swap: 75.3000
| | | | swap: 92.2000
| | | | swap: 74.6000
| | | quickSort: 37639.3000
| | | | partition: 7423.2000
| | | | | swap: 95.6000
| | | | | swap: 95.6000
| | | | | swap: 95.6000
| | | | | swap: 95.6000
| | | | | swap: 95.6000
| | | | | swap: 95.6000
| | | | | swap: 95.6000
| | | | | swap: 95.6000
| | | | | swap: 95.6000
| | | | | swap: 95.6000
| | | | | swap: 95.6000
| | | | | swap: 95.6000
| | | | | swap: 95.6000
| | | | | swap: 95.6000
| | | | | swap: 95.6000
| | | | | swap: 95.6000
| | | | | swap: 95.6000
| | | | | swap: 95.6000
| | | | | swap: 95.6000
| | | | | swap: 95.6000
| | | | | swap: 95.6000
| | | | | swap: 95.6000
| | | | | swap: 95.6000
| | | | | swap: 92.3000
| | | | | swap: 95.6000
| | | | | swap: 92.3000
| | | | | swap: 95.6000
| | | | | swap: 92.3000
| | | | | swap: 95.6000
| | | | | swap: 90.7000
| | | | | swap: 92.3000
| | | | | swap: 92.2000
| | | | | swap: 92.3000
| | | | | swap: 90.6000
| | | | | swap: 88.9000
| | | | | swap: 92.2000
| | | | | swap: 88.9000
| | | | | swap: 92.2000
| | | | | swap: 88.9000
| | | | | swap: 92.2000
| | | | | swap: 88.9000
| | | | | swap: 92.2000
| | | | | swap: 88.9000
| | | | | swap: 92.2000
| | | | | swap: 88.9000
| | | | | swap: 92.2000
| | | | | swap: 89.1000
| | | | quickSort: 29347.9000
| | | | | partition: 4297.9000
| | | | | | swap: 87.5000
| | | | | | swap: 92.2000
| | | | | | swap: 83.9000
| | | | | | swap: 89.0000
| | | | | | swap: 78.9000
| | | | | | swap: 92.2000
| | | | | | swap: 78.9000
| | | | | | swap: 92.2000
| | | | | | swap: 75.3000
| | | | | | swap: 92.2000
| | | | | | swap: 75.3000
| | | | | | swap: 92.2000
| | | | | | swap: 75.3000
| | | | | | swap: 92.2000
| | | | | | swap: 75.3000
| | | | | | swap: 92.2000
| | | | | | swap: 75.3000
| | | | | | swap: 90.6000
| | | | | | swap: 75.3000
| | | | | | swap: 92.2000
| | | | | | swap: 75.3000
| | | | | | swap: 84.2000
| | | | | | swap: 75.3000
| | | | | | swap: 92.4000
| | | | | quickSort: 10854.0000
| | | | | | partition: 2173.3000
| | | | | | | swap: 95.6000
| | | | | | | swap: 90.7000
| | | | | | | swap: 87.5000
| | | | | | | swap: 92.2000
| | | | | | | swap: 83.9000
| | | | | | | swap: 92.2000
| | | | | | | swap: 82.1000
| | | | | | | swap: 89.0000
| | | | | | | swap: 75.7000
| | | | | | | swap: 92.2000
| | | | | | | swap: 75.7000
| | | | | | | swap: 71.4000
| | | | | | quickSort: 3635.9000
| | | | | | | partition: 955.2000
| | | | | | | | swap: 95.6000
| | | | | | | | swap: 87.5000
| | | | | | | | swap: 87.3000
| | | | | | | | swap: 89.0000
| | | | | | | | swap: 64.7000
| | | | | | | quickSort: 789.0000
| | | | | | | | partition: 395.1000
| | | | | | | | | swap: 95.6000
| | | | | | | | | swap: 90.9000
| | | | | | | | quickSort: 3.0000
| | | | | | | | quickSort: 363.5000
| | | | | | | | | partition: 330.1000
| | | | | | | | | | swap: 95.6000
| | | | | | | | | | swap: 94.9000
| | | | | | | | | quickSort: 3.0000
| | | | | | | | | quickSort: 3.0000
| | | | | | | quickSort: 1864.3000
| | | | | | | | partition: 785.2000
| | | | | | | | | swap: 95.6000
| | | | | | | | | swap: 95.6000
| | | | | | | | | swap: 95.6000
| | | | | | | | | swap: 95.6000
| | | | | | | | | swap: 77.5000
| | | | | | | | quickSort: 1048.7000
| | | | | | | | | partition: 262.2000
| | | | | | | | | | swap: 84.7000
| | | | | | | | | quickSort: 3.0000
| | | | | | | | | quickSort: 756.1000
| | | | | | | | | | partition: 486.5000
| | | | | | | | | | | swap: 95.6000
| | | | | | | | | | | swap: 95.6000
| | | | | | | | | | | swap: 88.3000
| | | | | | | | | | quickSort: 239.2000
| | | | | | | | | | | partition: 205.8000
| | | | | | | | | | | | swap: 94.9000
| | | | | | | | | | | quickSort: 3.0000
| | | | | | | | | | | quickSort: 3.0000
| | | | | | | | | | quickSort: 3.0000
| | | | | | | | quickSort: 3.0000
| | | | | | quickSort: 5017.4000
| | | | | | | partition: 588.4000
| | | | | | | | swap: 82.7000
| | | | | | | | swap: 73.2000
| | | | | | | quickSort: 3.0000
| | | | | | | quickSort: 4398.6000
| | | | | | | | partition: 1277.9000
| | | | | | | | | swap: 95.6000
| | | | | | | | | swap: 92.3000
| | | | | | | | | swap: 95.6000
| | | | | | | | | swap: 92.3000
| | | | | | | | | swap: 95.6000
| | | | | | | | | swap: 92.3000
| | | | | | | | | swap: 95.6000
| | | | | | | | | swap: 74.7000
| | | | | | | | quickSort: 3090.3000
| | | | | | | | | partition: 365.4000
| | | | | | | | | | swap: 76.7000
| | | | | | | | | quickSort: 3.0000
| | | | | | | | | quickSort: 2694.5000
| | | | | | | | | | partition: 955.4000
| | | | | | | | | | | swap: 95.6000
| | | | | | | | | | | swap: 95.6000
| | | | | | | | | | | swap: 95.6000
| | | | | | | | | | | swap: 95.6000
| | | | | | | | | | | swap: 95.6000
| | | | | | | | | | | swap: 78.1000
| | | | | | | | | | quickSort: 1708.7000
| | | | | | | | | | | partition: 788.3000
| | | | | | | | | | | | swap: 95.6000
| | | | | | | | | | | | swap: 95.6000
| | | | | | | | | | | | swap: 95.6000
| | | | | | | | | | | | swap: 95.6000
| | | | | | | | | | | | swap: 94.9000
| | | | | | | | | | | quickSort: 890.0000
| | | | | | | | | | | | partition: 507.7000
| | | | | | | | | | | | | swap: 95.6000
| | | | | | | | | | | | | swap: 95.6000
| | | | | | | | | | | | | swap: 84.3000
| | | | | | | | | | | | quickSort: 351.9000
| | | | | | | | | | | | | partition: 318.5000
| | | | | | | | | | | | | | swap: 95.6000
| | | | | | | | | | | | | | swap: 91.7000
| | | | | | | | | | | | | quickSort: 3.0000
| | | | | | | | | | | | | quickSort: 3.0000
| | | | | | | | | | | | quickSort: 3.0000
| | | | | | | | | | | quickSort: 3.0000
| | | | | | | | | | quickSort: 3.0000
| | | | | | | | quickSort: 3.0000
| | | | | quickSort: 14168.6000
| | | | | | partition: 3449.9000
| | | | | | | swap: 95.6000
| | | | | | | swap: 95.6000
| | | | | | | swap: 95.6000
| | | | | | | swap: 95.6000
| | | | | | | swap: 95.6000
| | | | | | | swap: 95.6000
| | | | | | | swap: 95.6000
| | | | | | | swap: 95.6000
| | | | | | | swap: 95.6000
| | | | | | | swap: 95.6000
| | | | | | | swap: 95.6000
| | | | | | | swap: 95.6000
| | | | | | | swap: 95.6000
| | | | | | | swap: 95.6000
| | | | | | | swap: 95.6000
| | | | | | | swap: 95.6000
| | | | | | | swap: 95.6000
| | | | | | | swap: 95.6000
| | | | | | | swap: 95.6000
| | | | | | | swap: 95.6000
| | | | | | | swap: 95.6000
| | | | | | | swap: 94.9000
| | | | | | quickSort: 10688.3000
| | | | | | | partition: 2374.5000
| | | | | | | | swap: 95.6000
| | | | | | | | swap: 95.6000
| | | | | | | | swap: 95.6000
| | | | | | | | swap: 92.3000
| | | | | | | | swap: 95.6000
| | | | | | | | swap: 89.1000
| | | | | | | | swap: 88.9000
| | | | | | | | swap: 89.0000
| | | | | | | | swap: 85.7000
| | | | | | | | swap: 92.2000
| | | | | | | | swap: 82.1000
| | | | | | | | swap: 92.2000
| | | | | | | | swap: 80.5000
| | | | | | | | swap: 73.0000
| | | | | | | quickSort: 5828.2000
| | | | | | | | partition: 904.4000
| | | | | | | | | swap: 87.5000
| | | | | | | | | swap: 89.0000
| | | | | | | | | swap: 79.1000
| | | | | | | | | swap: 73.0000
| | | | | | | | quickSort: 626.3000
| | | | | | | | | partition: 237.3000
| | | | | | | | | | swap: 89.5000
| | | | | | | | | quickSort: 3.0000
| | | | | | | | | quickSort: 358.6000
| | | | | | | | | | partition: 325.2000
| | | | | | | | | | | swap: 95.6000
| | | | | | | | | | | swap: 91.7000
| | | | | | | | | | quickSort: 3.0000
| | | | | | | | | | quickSort: 3.0000
| | | | | | | | quickSort: 4270.1000
| | | | | | | | | partition: 1393.1000
| | | | | | | | | | swap: 95.6000
| | | | | | | | | | swap: 95.6000
| | | | | | | | | | swap: 95.6000
| | | | | | | | | | swap: 95.6000
| | | | | | | | | | swap: 95.6000
| | | | | | | | | | swap: 95.6000
| | | | | | | | | | swap: 95.6000
| | | | | | | | | | swap: 95.6000
| | | | | | | | | | swap: 77.0000
| | | | | | | | | quickSort: 2846.6000
| | | | | | | | | | partition: 520.1000
| | | | | | | | | | | swap: 89.1000
| | | | | | | | | | | swap: 89.2000
| | | | | | | | | | quickSort: 3.0000
| | | | | | | | | | quickSort: 2296.1000
| | | | | | | | | | | partition: 836.9000
| | | | | | | | | | | | swap: 95.6000
| | | | | | | | | | | | swap: 92.3000
| | | | | | | | | | | | swap: 95.6000
| | | | | | | | | | | | swap: 92.3000
| | | | | | | | | | | | swap: 94.9000
| | | | | | | | | | | quickSort: 1428.8000
| | | | | | | | | | | | partition: 644.9000
| | | | | | | | | | | | | swap: 95.6000
| | | | | | | | | | | | | swap: 95.6000
| | | | | | | | | | | | | swap: 95.6000
| | | | | | | | | | | | | swap: 94.9000
| | | | | | | | | | | | quickSort: 753.5000
| | | | | | | | | | | | | partition: 483.9000
| | | | | | | | | | | | | | swap: 95.6000
| | | | | | | | | | | | | | swap: 95.6000
| | | | | | | | | | | | | | swap: 88.3000
| | | | | | | | | | | | | quickSort: 239.2000
| | | | | | | | | | | | | | partition: 205.8000
| | | | | | | | | | | | | | | swap: 94.9000
| | | | | | | | | | | | | | quickSort: 3.0000
| | | | | | | | | | | | | | quickSort: 3.0000
| | | | | | | | | | | | | quickSort: 3.0000
| | | | | | | | | | | | quickSort: 3.0000
| | | | | | | | | | | quickSort: 3.0000
| | | | | | | | | quickSort: 3.0000
| | | | | | | quickSort: 2458.2000
| | | | | | | | partition: 1073.5000
| | | | | | | | | swap: 95.6000
| | | | | | | | | swap: 95.6000
| | | | | | | | | swap: 95.6000
| | | | | | | | | swap: 95.6000
| | | | | | | | | swap: 95.6000
| | | | | | | | | swap: 95.6000
| | | | | | | | | swap: 77.0000
| | | | | | | | quickSort: 1354.3000
| | | | | | | | | partition: 576.9000
| | | | | | | | | | swap: 92.3000
| | | | | | | | | | swap: 90.6000
| | | | | | | | | | swap: 89.1000
| | | | | | | | | quickSort: 361.3000
| | | | | | | | | | partition: 327.9000
| | | | | | | | | | | swap: 95.6000
| | | | | | | | | | | swap: 94.9000
| | | | | | | | | | quickSort: 3.0000
| | | | | | | | | | quickSort: 3.0000
| | | | | | | | | quickSort: 388.7000
| | | | | | | | | | partition: 355.3000
| | | | | | | | | | | swap: 95.6000
| | | | | | | | | | | swap: 94.9000
| | | | | | | | | | quickSort: 3.0000
| | | | | | | | | | quickSort: 3.0000
| | | | | | | | quickSort: 3.0000
| | | | | | quickSort: 3.0000
| | | | quickSort: 840.8000
| | | | | partition: 456.8000
| | | | | | swap: 95.6000
| | | | | | swap: 95.6000
| | | | | | swap: 94.9000
| | | | | quickSort: 353.6000
| | | | | | partition: 320.2000
| | | | | | | swap: 95.6000
| | | | | | | swap: 91.7000
| | | | | | quickSort: 3.0000
| | | | | | quickSort: 3.0000
| | | | | quickSort: 3.0000
| | | quickSort: 15287.3000
| | | | partition: 1857.1000
| | | | | swap: 95.6000
| | | | | swap: 95.6000
| | | | | swap: 89.1000
| | | | | swap: 77.7000
| | | | | swap: 84.2000
| | | | | swap: 75.3000
| | | | | swap: 79.6000
| | | | quickSort: 1281.4000
| | | | | partition: 430.8000
| | | | | | swap: 89.1000
| | | | | | swap: 77.9000
| | | | | quickSort: 3.0000
| | | | | quickSort: 820.2000
| | | | | | partition: 280.3000
| | | | | | | swap: 84.7000
| | | | | | quickSort: 3.0000
| | | | | | quickSort: 509.5000
| | | | | | | partition: 243.3000
| | | | | | | | swap: 89.5000
| | | | | | | quickSort: 3.0000
| | | | | | | quickSort: 235.8000
| | | | | | | | partition: 202.4000
| | | | | | | | | swap: 91.1000
| | | | | | | | quickSort: 3.0000
| | | | | | | | quickSort: 3.0000
| | | | quickSort: 12121.4000
| | | | | partition: 2824.3000
| | | | | | swap: 95.6000
| | | | | | swap: 95.6000
| | | | | | swap: 95.6000
| | | | | | swap: 92.3000
| | | | | | swap: 95.6000
| | | | | | swap: 92.3000
| | | | | | swap: 92.3000
| | | | | | swap: 92.2000
| | | | | | swap: 92.3000
| | | | | | swap: 92.2000
| | | | | | swap: 89.1000
| | | | | | swap: 90.6000
| | | | | | swap: 82.3000
| | | | | | swap: 92.2000
| | | | | | swap: 78.9000
| | | | | | swap: 92.2000
| | | | | | swap: 77.3000
| | | | | quickSort: 7907.5000
| | | | | | partition: 783.3000
| | | | | | | swap: 90.7000
| | | | | | | swap: 74.8000
| | | | | | quickSort: 3.0000
| | | | | | quickSort: 7093.8000
| | | | | | | partition: 821.6000
| | | | | | | | swap: 81.1000
| | | | | | | | swap: 90.6000
| | | | | | | | swap: 74.6000
| | | | | | | quickSort: 359.7000
| | | | | | | | partition: 326.3000
| | | | | | | | | swap: 95.6000
| | | | | | | | | swap: 94.9000
| | | | | | | | quickSort: 3.0000
| | | | | | | | quickSort: 3.0000
| | | | | | | quickSort: 5885.1000
| | | | | | | | partition: 1725.0000
| | | | | | | | | swap: 95.6000
| | | | | | | | | swap: 95.6000
| | | | | | | | | swap: 95.6000
| | | | | | | | | swap: 95.6000
| | | | | | | | | swap: 95.6000
| | | | | | | | | swap: 95.6000
| | | | | | | | | swap: 95.6000
| | | | | | | | | swap: 95.6000
| | | | | | | | | swap: 95.6000
| | | | | | | | | swap: 95.6000
| | | | | | | | | swap: 94.9000
| | | | | | | | quickSort: 4129.7000
| | | | | | | | | partition: 1432.2000
| | | | | | | | | | swap: 95.6000
| | | | | | | | | | swap: 95.6000
| | | | | | | | | | swap: 95.6000
| | | | | | | | | | swap: 95.6000
| | | | | | | | | | swap: 95.6000
| | | | | | | | | | swap: 95.6000
| | | | | | | | | | swap: 95.6000
| | | | | | | | | | swap: 95.6000
| | | | | | | | | | swap: 74.7000
| | | | | | | | | quickSort: 2667.1000
| | | | | | | | | | partition: 1116.4000
| | | | | | | | | | | swap: 95.6000
| | | | | | | | | | | swap: 95.6000
| | | | | | | | | | | swap: 95.6000
| | | | | | | | | | | swap: 95.6000
| | | | | | | | | | | swap: 95.6000
| | | | | | | | | | | swap: 95.6000
| | | | | | | | | | | swap: 74.7000
| | | | | | | | | | quickSort: 1520.3000
| | | | | | | | | | | partition: 322.3000
| | | | | | | | | | | | swap: 78.3000
| | | | | | | | | | | quickSort: 3.0000
| | | | | | | | | | | quickSort: 1167.6000
| | | | | | | | | | | | partition: 555.3000
| | | | | | | | | | | | | swap: 95.6000
| | | | | | | | | | | | | swap: 92.3000
| | | | | | | | | | | | | swap: 82.7000
| | | | | | | | | | | | quickSort: 237.5000
| | | | | | | | | | | | | partition: 204.1000
| | | | | | | | | | | | | | swap: 94.9000
| | | | | | | | | | | | | quickSort: 3.0000
| | | | | | | | | | | | | quickSort: 3.0000
| | | | | | | | | | | | quickSort: 347.4000
| | | | | | | | | | | | | partition: 314.0000
| | | | | | | | | | | | | | swap: 95.6000
| | | | | | | | | | | | | | swap: 91.7000
| | | | | | | | | | | | | quickSort: 3.0000
| | | | | | | | | | | | | quickSort: 3.0000
| | | | | | | | | | quickSort: 3.0000
| | | | | | | | | quickSort: 3.0000
| | | | | | | | quickSort: 3.0000
| | | | | quickSort: 1362.2000
| | | | | | partition: 458.7000
| | | | | | | swap: 90.7000
| | | | | | | swap: 87.7000
| | | | | | quickSort: 3.0000
| | | | | | quickSort: 873.1000
| | | | | | | partition: 440.7000
| | | | | | | | swap: 90.7000
| | | | | | | | swap: 90.9000
| | | | | | | quickSort: 3.0000
| | | | | | | quickSort: 402.0000
| | | | | | | | partition: 368.6000
| | | | | | | | | swap: 92.3000
| | | | | | | | | swap: 94.9000
| | | | | | | | quickSort: 3.0000
| | | | | | | | quickSort: 3.0000
| | quickSort: 180235.1000
| | | partition: 26581.5000
| | | | swap: 95.6000
| | | | swap: 80.6000
| | | | swap: 95.6000
| | | | swap: 95.6000
| | | | swap: 95.6000
| | | | swap: 80.6000
| | | | swap: 95.6000
| | | | swap: 93.1000
| | | | swap: 95.6000
| | | | swap: 95.6000
| | | | swap: 89.8000
| | | | swap: 95.6000
| | | | swap: 89.8000
| | | | swap: 83.2000
| | | | swap: 79.7000
| | | | swap: 88.9000
| | | | swap: 90.6000
| | | | swap: 84.8000
| | | | swap: 92.2000
| | | | swap: 83.0000
| | | | swap: 78.1000
| | | | swap: 83.9000
| | | | swap: 89.7000
| | | | swap: 82.1000
| | | | swap: 89.7000
| | | | swap: 82.1000
| | | | swap: 79.7000
| | | | swap: 68.0000
| | | | swap: 92.2000
| | | | swap: 71.4000
| | | | swap: 79.7000
| | | | swap: 73.0000
| | | | swap: 92.2000
| | | | swap: 73.0000
| | | | swap: 92.2000
| | | | swap: 72.8000
| | | | swap: 92.2000
| | | | swap: 72.8000
| | | | swap: 92.2000
| | | | swap: 62.8000
| | | | swap: 92.2000
| | | | swap: 72.8000
| | | | swap: 92.2000
| | | | swap: 72.8000
| | | | swap: 92.2000
| | | | swap: 72.8000
| | | | swap: 92.2000
| | | | swap: 72.8000
| | | | swap: 92.2000
| | | | swap: 75.3000
| | | | swap: 89.7000
| | | | swap: 75.3000
| | | | swap: 90.6000
| | | | swap: 62.8000
| | | | swap: 92.2000
| | | | swap: 72.8000
| | | | swap: 92.2000
| | | | swap: 72.8000
| | | | swap: 88.1000
| | | | swap: 62.8000
| | | | swap: 92.2000
| | | | swap: 72.8000
| | | | swap: 92.2000
| | | | swap: 72.8000
| | | | swap: 92.2000
| | | | swap: 67.8000
| | | | swap: 89.7000
| | | | swap: 72.8000
| | | | swap: 79.7000
| | | | swap: 75.3000
| | | | swap: 86.5000
| | | | swap: 75.3000
| | | | swap: 89.7000
| | | | swap: 75.3000
| | | | swap: 79.7000
| | | | swap: 75.3000
| | | | swap: 79.7000
| | | | swap: 75.3000
| | | | swap: 79.7000
| | | | swap: 75.3000
| | | | swap: 79.7000
| | | | swap: 75.3000
| | | | swap: 79.7000
| | | | swap: 75.3000
| | | | swap: 79.7000
| | | | swap: 72.8000
| | | | swap: 83.1000
| | | | swap: 62.8000
| | | | swap: 78.1000
| | | | swap: 75.3000
| | | | swap: 79.7000
| | | | swap: 75.3000
| | | | swap: 89.7000
| | | | swap: 62.8000
| | | | swap: 92.2000
| | | | swap: 72.8000
| | | | swap: 92.2000
| | | | swap: 62.8000
| | | | swap: 88.1000
| | | | swap: 75.3000
| | | | swap: 79.7000
| | | | swap: 75.3000
| | | | swap: 89.7000
| | | | swap: 75.3000
| | | | swap: 89.7000
| | | | swap: 75.3000
| | | | swap: 79.7000
| | | | swap: 75.3000
| | | | swap: 89.7000
| | | | swap: 75.3000
| | | | swap: 79.7000
| | | | swap: 72.8000
| | | | swap: 92.2000
| | | | swap: 62.8000
| | | | swap: 92.2000
| | | | swap: 75.3000
| | | | swap: 90.6000
| | | | swap: 62.8000
| | | | swap: 89.0000
| | | | swap: 72.8000
| | | | swap: 92.2000
| | | | swap: 72.8000
| | | | swap: 92.2000
| | | | swap: 75.3000
| | | | swap: 79.7000
| | | | swap: 75.3000
| | | | swap: 90.6000
| | | | swap: 62.8000
| | | | swap: 92.2000
| | | | swap: 75.3000
| | | | swap: 92.2000
| | | | swap: 62.8000
| | | | swap: 92.2000
| | | | swap: 72.8000
| | | | swap: 92.2000
| | | | swap: 62.8000
| | | | swap: 92.2000
| | | | swap: 67.8000
| | | | swap: 79.7000
| | | | swap: 62.8000
| | | | swap: 92.2000
| | | | swap: 72.8000
| | | | swap: 92.2000
| | | | swap: 72.8000
| | | | swap: 92.2000
| | | | swap: 72.8000
| | | | swap: 89.0000
| | | | swap: 75.3000
| | | | swap: 92.2000
| | | | swap: 67.8000
| | | | swap: 79.7000
| | | | swap: 75.3000
| | | | swap: 89.7000
| | | | swap: 75.3000
| | | | swap: 79.7000
| | | | swap: 75.3000
| | | | swap: 89.7000
| | | | swap: 75.3000
| | | | swap: 79.7000
| | | | swap: 72.8000
| | | | swap: 88.1000
| | | | swap: 75.3000
| | | | swap: 79.7000
| | | | swap: 75.3000
| | | | swap: 90.6000
| | | | swap: 62.8000
| | | | swap: 78.1000
| | | | swap: 75.3000
| | | | swap: 79.7000
| | | | swap: 75.3000
| | | | swap: 89.7000
| | | | swap: 75.3000
| | | | swap: 90.6000
| | | | swap: 62.8000
| | | | swap: 92.2000
| | | | swap: 75.3000
| | | | swap: 92.4000
| | | quickSort: 135159.0000
| | | | partition: 10025.6000
| | | | | swap: 89.1000
| | | | | swap: 87.3000
| | | | | swap: 92.2000
| | | | | swap: 75.9000
| | | | | swap: 81.0000
| | | | | swap: 75.3000
| | | | | swap: 89.0000
| | | | | swap: 75.3000
| | | | | swap: 89.0000
| | | | | swap: 75.3000
| | | | | swap: 75.3000
| | | | | swap: 75.3000
| | | | | swap: 92.2000
| | | | | swap: 75.3000
| | | | | swap: 84.2000
| | | | | swap: 75.3000
| | | | | swap: 92.2000
| | | | | swap: 75.3000
| | | | | swap: 92.2000
| | | | | swap: 75.3000
| | | | | swap: 84.2000
| | | | | swap: 75.3000
| | | | | swap: 79.4000
| | | | | swap: 75.3000
| | | | | swap: 92.2000
| | | | | swap: 75.3000
| | | | | swap: 81.0000
| | | | | swap: 75.3000
| | | | | swap: 89.0000
| | | | | swap: 75.3000
| | | | | swap: 84.2000
| | | | | swap: 75.3000
| | | | | swap: 87.4000
| | | | | swap: 75.3000
| | | | | swap: 57.0000
| | | | quickSort: 21666.6000
| | | | | partition: 3603.4000
| | | | | | swap: 95.6000
| | | | | | swap: 95.6000
| | | | | | swap: 92.3000
| | | | | | swap: 95.6000
| | | | | | swap: 92.3000
| | | | | | swap: 95.6000
| | | | | | swap: 89.1000
| | | | | | swap: 88.9000
| | | | | | swap: 90.6000
| | | | | | swap: 84.1000
| | | | | | swap: 92.2000
| | | | | | swap: 80.7000
| | | | | | swap: 92.2000
| | | | | | swap: 77.1000
| | | | | | swap: 92.2000
| | | | | | swap: 77.1000
| | | | | | swap: 90.6000
| | | | | | swap: 75.3000
| | | | | | swap: 90.6000
| | | | | | swap: 75.3000
| | | | | | swap: 73.0000
| | | | | quickSort: 10867.1000
| | | | | | partition: 2595.8000
| | | | | | | swap: 92.3000
| | | | | | | swap: 95.6000
| | | | | | | swap: 92.3000
| | | | | | | swap: 95.6000
| | | | | | | swap: 92.3000
| | | | | | | swap: 95.6000
| | | | | | | swap: 92.3000
| | | | | | | swap: 95.6000
| | | | | | | swap: 90.7000
| | | | | | | swap: 92.3000
| | | | | | | swap: 92.2000
| | | | | | | swap: 90.7000
| | | | | | | swap: 92.2000
| | | | | | | swap: 88.9000
| | | | | | | swap: 92.2000
| | | | | | | swap: 69.7000
| | | | | | quickSort: 6749.5000
| | | | | | | partition: 1576.7000
| | | | | | | | swap: 95.6000
| | | | | | | | swap: 95.6000
| | | | | | | | swap: 90.7000
| | | | | | | | swap: 92.3000
| | | | | | | | swap: 92.2000
| | | | | | | | swap: 85.9000
| | | | | | | | swap: 92.2000
| | | | | | | | swap: 82.3000
| | | | | | | | swap: 92.4000
| | | | | | | quickSort: 3128.0000
| | | | | | | | partition: 856.9000
| | | | | | | | | swap: 95.6000
| | | | | | | | | swap: 92.3000
| | | | | | | | | swap: 90.6000
| | | | | | | | | swap: 88.9000
| | | | | | | | | swap: 74.6000
| | | | | | | | quickSort: 1398.5000
| | | | | | | | | partition: 625.5000
| | | | | | | | | | swap: 95.6000
| | | | | | | | | | swap: 95.6000
| | | | | | | | | | swap: 95.6000
| | | | | | | | | | swap: 84.9000
| | | | | | | | | quickSort: 742.6000
| | | | | | | | | | partition: 481.4000
| | | | | | | | | | | swap: 95.6000
| | | | | | | | | | | swap: 95.6000
| | | | | | | | | | | swap: 94.9000
| | | | | | | | | | quickSort: 230.8000
| | | | | | | | | | | partition: 197.4000
| | | | | | | | | | | | swap: 91.1000
| | | | | | | | | | | quickSort: 3.0000
| | | | | | | | | | | quickSort: 3.0000
| | | | | | | | | | quickSort: 3.0000
| | | | | | | | | quickSort: 3.0000
| | | | | | | | quickSort: 845.2000
| | | | | | | | | partition: 453.4000
| | | | | | | | | | swap: 95.6000
| | | | | | | | | | swap: 95.6000
| | | | | | | | | | swap: 88.3000
| | | | | | | | | quickSort: 361.4000
| | | | | | | | | | partition: 328.0000
| | | | | | | | | | | swap: 95.6000
| | | | | | | | | | | swap: 94.9000
| | | | | | | | | | quickSort: 3.0000
| | | | | | | | | | quickSort: 3.0000
| | | | | | | | | quickSort: 3.0000
| | | | | | | quickSort: 2017.4000
| | | | | | | | partition: 802.4000
| | | | | | | | | swap: 95.6000
| | | | | | | | | swap: 92.3000
| | | | | | | | | swap: 95.6000
| | | | | | | | | swap: 92.3000
| | | | | | | | | swap: 94.9000
| | | | | | | | quickSort: 1184.6000
| | | | | | | | | partition: 277.9000
| | | | | | | | | | swap: 90.9000
| | | | | | | | | quickSort: 3.0000
| | | | | | | | | quickSort: 876.3000
| | | | | | | | | | partition: 492.3000
| | | | | | | | | | | swap: 95.6000
| | | | | | | | | | | swap: 95.6000
| | | | | | | | | | | swap: 94.9000
| | | | | | | | | | quickSort: 353.6000
| | | | | | | | | | | partition: 320.2000
| | | | | | | | | | | | swap: 95.6000
| | | | | | | | | | | | swap: 91.7000
| | | | | | | | | | | quickSort: 3.0000
| | | | | | | | | | | quickSort: 3.0000
| | | | | | | | | | quickSort: 3.0000
| | | | | | | | quickSort: 3.0000
| | | | | | quickSort: 1494.4000
| | | | | | | partition: 598.6000
| | | | | | | | swap: 95.6000
| | | | | | | | swap: 95.6000
| | | | | | | | swap: 95.6000
| | | | | | | | swap: 84.9000
| | | | | | | quickSort: 865.4000
| | | | | | | | partition: 481.4000
| | | | | | | | | swap: 95.6000
| | | | | | | | | swap: 95.6000
| | | | | | | | | swap: 94.9000
| | | | | | | | quickSort: 353.6000
| | | | | | | | | partition: 320.2000
| | | | | | | | | | swap: 95.6000
| | | | | | | | | | swap: 91.7000
| | | | | | | | | quickSort: 3.0000
| | | | | | | | | quickSort: 3.0000
| | | | | | | | quickSort: 3.0000
| | | | | | | quickSort: 3.0000
| | | | | quickSort: 7168.7000
| | | | | | partition: 2020.6000
| | | | | | | swap: 95.6000
| | | | | | | swap: 95.6000
| | | | | | | swap: 95.6000
| | | | | | | swap: 95.6000
| | | | | | | swap: 95.6000
| | | | | | | swap: 95.6000
| | | | | | | swap: 95.6000
| | | | | | | swap: 95.6000
| | | | | | | swap: 95.6000
| | | | | | | swap: 95.6000
| | | | | | | swap: 95.6000
| | | | | | | swap: 95.6000
| | | | | | | swap: 77.0000
| | | | | | quickSort: 5117.7000
| | | | | | | partition: 1765.6000
| | | | | | | | swap: 95.6000
| | | | | | | | swap: 95.6000
| | | | | | | | swap: 95.6000
| | | | | | | | swap: 95.6000
| | | | | | | | swap: 95.6000
| | | | | | | | swap: 95.6000
| | | | | | | | swap: 95.6000
| | | | | | | | swap: 95.6000
| | | | | | | | swap: 95.6000
| | | | | | | | swap: 95.6000
| | | | | | | | swap: 94.9000
| | | | | | | quickSort: 3321.7000
| | | | | | | | partition: 463.0000
| | | | | | | | | swap: 81.3000
| | | | | | | | quickSort: 3.0000
| | | | | | | | quickSort: 2828.3000
| | | | | | | | | partition: 1051.5000
| | | | | | | | | | swap: 95.6000
| | | | | | | | | | swap: 95.6000
| | | | | | | | | | swap: 92.3000
| | | | | | | | | | swap: 95.6000
| | | | | | | | | | swap: 92.3000
| | | | | | | | | | swap: 90.9000
| | | | | | | | | quickSort: 1267.5000
| | | | | | | | | | partition: 532.2000
| | | | | | | | | | | swap: 92.3000
| | | | | | | | | | | swap: 92.3000
| | | | | | | | | | | swap: 92.4000
| | | | | | | | | | quickSort: 351.8000
| | | | | | | | | | | partition: 318.4000
| | | | | | | | | | | | swap: 95.6000
| | | | | | | | | | | | swap: 91.7000
| | | | | | | | | | | quickSort: 3.0000
| | | | | | | | | | | quickSort: 3.0000
| | | | | | | | | | quickSort: 356.1000
| | | | | | | | | | | partition: 322.7000
| | | | | | | | | | | | swap: 95.6000
| | | | | | | | | | | | swap: 94.9000
| | | | | | | | | | | quickSort: 3.0000
| | | | | | | | | | | quickSort: 3.0000
| | | | | | | | | quickSort: 481.9000
| | | | | | | | | | partition: 210.2000
| | | | | | | | | | | swap: 90.9000
| | | | | | | | | | quickSort: 3.0000
| | | | | | | | | | quickSort: 241.3000
| | | | | | | | | | | partition: 207.9000
| | | | | | | | | | | | swap: 94.9000
| | | | | | | | | | | quickSort: 3.0000
| | | | | | | | | | | quickSort: 3.0000
| | | | | | | quickSort: 3.0000
| | | | | | quickSort: 3.0000
| | | | quickSort: 103439.4000
| | | | | partition: 8133.3000
| | | | | | swap: 89.1000
| | | | | | swap: 89.0000
| | | | | | swap: 80.7000
| | | | | | swap: 87.4000
| | | | | | swap: 75.3000
| | | | | | swap: 92.2000
| | | | | | swap: 75.3000
| | | | | | swap: 90.6000
| | | | | | swap: 75.3000
| | | | | | swap: 89.0000
| | | | | | swap: 75.3000
| | | | | | swap: 89.0000
| | | | | | swap: 75.3000
| | | | | | swap: 90.6000
| | | | | | swap: 75.3000
| | | | | | swap: 84.2000
| | | | | | swap: 75.3000
| | | | | | swap: 79.4000
| | | | | | swap: 75.3000
| | | | | | swap: 84.2000
| | | | | | swap: 75.3000
| | | | | | swap: 85.8000
| | | | | | swap: 75.3000
| | | | | | swap: 75.3000
| | | | | | swap: 75.3000
| | | | | | swap: 89.0000
| | | | | | swap: 75.3000
| | | | | | swap: 92.2000
| | | | | | swap: 56.8000
| | | | | quickSort: 16872.3000
| | | | | | partition: 4408.5000
| | | | | | | swap: 95.6000
| | | | | | | swap: 95.6000
| | | | | | | swap: 95.6000
| | | | | | | swap: 95.6000
| | | | | | | swap: 95.6000
| | | | | | | swap: 95.6000
| | | | | | | swap: 95.6000
| | | | | | | swap: 95.6000
| | | | | | | swap: 95.6000
| | | | | | | swap: 95.6000
| | | | | | | swap: 95.6000
| | | | | | | swap: 95.6000
| | | | | | | swap: 95.6000
| | | | | | | swap: 95.6000
| | | | | | | swap: 95.6000
| | | | | | | swap: 95.6000
| | | | | | | swap: 95.6000
| | | | | | | swap: 95.6000
| | | | | | | swap: 95.6000
| | | | | | | swap: 95.6000
| | | | | | | swap: 95.6000
| | | | | | | swap: 95.6000
| | | | | | | swap: 95.6000
| | | | | | | swap: 95.6000
| | | | | | | swap: 95.6000
| | | | | | | swap: 95.6000
| | | | | | | swap: 95.6000
| | | | | | | swap: 94.9000
| | | | | | quickSort: 12433.4000
| | | | | | | partition: 1410.4000
| | | | | | | | swap: 95.6000
| | | | | | | | swap: 92.3000
| | | | | | | | swap: 90.7000
| | | | | | | | swap: 56.8000
| | | | | | | quickSort: 618.0000
| | | | | | | | partition: 229.0000
| | | | | | | | | swap: 89.5000
| | | | | | | | quickSort: 3.0000
| | | | | | | | quickSort: 358.6000
| | | | | | | | | partition: 325.2000
| | | | | | | | | | swap: 95.6000
| | | | | | | | | | swap: 91.7000
| | | | | | | | | quickSort: 3.0000
| | | | | | | | | quickSort: 3.0000
| | | | | | | quickSort: 10377.6000
| | | | | | | | partition: 3056.6000
| | | | | | | | | swap: 95.6000
| | | | | | | | | swap: 95.6000
| | | | | | | | | swap: 95.6000
| | | | | | | | | swap: 95.6000
| | | | | | | | | swap: 95.6000
| | | | | | | | | swap: 95.6000
| | | | | | | | | swap: 95.6000
| | | | | | | | | swap: 95.6000
| | | | | | | | | swap: 95.6000
| | | | | | | | | swap: 92.3000
| | | | | | | | | swap: 95.6000
| | | | | | | | | swap: 89.1000
| | | | | | | | | swap: 87.3000
| | | | | | | | | swap: 92.2000
| | | | | | | | | swap: 85.5000
| | | | | | | | | swap: 92.2000
| | | | | | | | | swap: 85.5000
| | | | | | | | | swap: 92.2000
| | | | | | | | | swap: 67.9000
| | | | | | | | quickSort: 6634.3000
| | | | | | | | | partition: 1094.1000
| | | | | | | | | | swap: 95.6000
| | | | | | | | | | swap: 90.7000
| | | | | | | | | | swap: 85.9000
| | | | | | | | | | swap: 79.6000
| | | | | | | | | quickSort: 382.8000
| | | | | | | | | | partition: 349.4000
| | | | | | | | | | | swap: 95.6000
| | | | | | | | | | | swap: 87.7000
| | | | | | | | | | quickSort: 3.0000
| | | | | | | | | | quickSort: 3.0000
| | | | | | | | | quickSort: 5130.0000
| | | | | | | | | | partition: 588.0000
| | | | | | | | | | | swap: 74.9000
| | | | | | | | | | quickSort: 3.0000
| | | | | | | | | | quickSort: 4511.6000
| | | | | | | | | | | partition: 912.3000
| | | | | | | | | | | | swap: 87.5000
| | | | | | | | | | | | swap: 85.7000
| | | | | | | | | | | | swap: 87.4000
| | | | | | | | | | | | swap: 77.7000
| | | | | | | | | | | quickSort: 732.8000
| | | | | | | | | | | | partition: 471.6000
| | | | | | | | | | | | | swap: 95.6000
| | | | | | | | | | | | | swap: 95.6000
| | | | | | | | | | | | | swap: 94.9000
| | | | | | | | | | | | quickSort: 230.8000
| | | | | | | | | | | | | partition: 197.4000
| | | | | | | | | | | | | | swap: 91.1000
| | | | | | | | | | | | | quickSort: 3.0000
| | | | | | | | | | | | | quickSort: 3.0000
| | | | | | | | | | | | quickSort: 3.0000
| | | | | | | | | | | quickSort: 2839.1000
| | | | | | | | | | | | partition: 883.7000
| | | | | | | | | | | | | swap: 95.6000
| | | | | | | | | | | | | swap: 90.7000
| | | | | | | | | | | | | swap: 92.2000
| | | | | | | | | | | | | swap: 88.9000
| | | | | | | | | | | | | swap: 90.8000
| | | | | | | | | | | | quickSort: 769.7000
| | | | | | | | | | | | | partition: 380.7000
| | | | | | | | | | | | | | swap: 95.6000
| | | | | | | | | | | | | | swap: 86.1000
| | | | | | | | | | | | | quickSort: 3.0000
| | | | | | | | | | | | | quickSort: 358.6000
| | | | | | | | | | | | | | partition: 325.2000
| | | | | | | | | | | | | | | swap: 95.6000
| | | | | | | | | | | | | | | swap: 91.7000
| | | | | | | | | | | | | | quickSort: 3.0000
| | | | | | | | | | | | | | quickSort: 3.0000
| | | | | | | | | | | | quickSort: 1158.3000
| | | | | | | | | | | | | partition: 621.0000
| | | | | | | | | | | | | | swap: 95.6000
| | | | | | | | | | | | | | swap: 95.6000
| | | | | | | | | | | | | | swap: 95.6000
| | | | | | | | | | | | | | swap: 94.9000
| | | | | | | | | | | | | quickSort: 506.9000
| | | | | | | | | | | | | | partition: 240.7000
| | | | | | | | | | | | | | | swap: 89.5000
| | | | | | | | | | | | | | quickSort: 3.0000
| | | | | | | | | | | | | | quickSort: 235.8000
| | | | | | | | | | | | | | | partition: 202.4000
| | | | | | | | | | | | | | | | swap: 91.1000
| | | | | | | | | | | | | | | quickSort: 3.0000
| | | | | | | | | | | | | | | quickSort: 3.0000
| | | | | | | | | | | | | quickSort: 3.0000
| | | | | | | | quickSort: 659.3000
| | | | | | | | | partition: 231.8000
| | | | | | | | | | swap: 84.7000
| | | | | | | | | quickSort: 3.0000
| | | | | | | | | quickSort: 397.1000
| | | | | | | | | | partition: 363.7000
| | | | | | | | | | | swap: 95.6000
| | | | | | | | | | | swap: 87.7000
| | | | | | | | | | quickSort: 3.0000
| | | | | | | | | | quickSort: 3.0000
| | | | | | quickSort: 3.0000
| | | | | quickSort: 78406.4000
| | | | | | partition: 13330.9000
| | | | | | | swap: 92.3000
| | | | | | | swap: 95.6000
| | | | | | | swap: 92.3000
| | | | | | | swap: 95.6000
| | | | | | | swap: 92.3000
| | | | | | | swap: 95.6000
| | | | | | | swap: 92.3000
| | | | | | | swap: 95.6000
| | | | | | | swap: 89.1000
| | | | | | | swap: 88.9000
| | | | | | | swap: 92.2000
| | | | | | | swap: 88.9000
| | | | | | | swap: 92.2000
| | | | | | | swap: 87.3000
| | | | | | | swap: 92.2000
| | | | | | | swap: 83.9000
| | | | | | | swap: 90.6000
| | | | | | | swap: 82.3000
| | | | | | | swap: 87.4000
| | | | | | | swap: 75.3000
| | | | | | | swap: 90.6000
| | | | | | | swap: 75.3000
| | | | | | | swap: 92.2000
| | | | | | | swap: 75.3000
| | | | | | | swap: 92.2000
| | | | | | | swap: 75.3000
| | | | | | | swap: 92.2000
| | | | | | | swap: 75.3000
| | | | | | | swap: 92.2000
| | | | | | | swap: 75.3000
| | | | | | | swap: 90.6000
| | | | | | | swap: 75.3000
| | | | | | | swap: 92.2000
| | | | | | | swap: 75.3000
| | | | | | | swap: 92.2000
| | | | | | | swap: 75.3000
| | | | | | | swap: 92.2000
| | | | | | | swap: 75.3000
| | | | | | | swap: 92.2000
| | | | | | | swap: 75.3000
| | | | | | | swap: 92.2000
| | | | | | | swap: 75.3000
| | | | | | | swap: 92.2000
| | | | | | | swap: 75.3000
| | | | | | | swap: 92.2000
| | | | | | | swap: 75.3000
| | | | | | | swap: 92.2000
| | | | | | | swap: 75.3000
| | | | | | | swap: 92.2000
| | | | | | | swap: 75.3000
| | | | | | | swap: 92.2000
| | | | | | | swap: 75.3000
| | | | | | | swap: 92.2000
| | | | | | | swap: 75.3000
| | | | | | | swap: 90.6000
| | | | | | | swap: 75.3000
| | | | | | | swap: 87.4000
| | | | | | | swap: 75.3000
| | | | | | | swap: 90.6000
| | | | | | | swap: 75.3000
| | | | | | | swap: 92.2000
| | | | | | | swap: 75.3000
| | | | | | | swap: 92.2000
| | | | | | | swap: 75.3000
| | | | | | | swap: 92.2000
| | | | | | | swap: 75.3000
| | | | | | | swap: 92.2000
| | | | | | | swap: 75.3000
| | | | | | | swap: 90.6000
| | | | | | | swap: 75.3000
| | | | | | | swap: 92.2000
| | | | | | | swap: 75.3000
| | | | | | | swap: 92.2000
| | | | | | | swap: 75.3000
| | | | | | | swap: 92.2000
| | | | | | | swap: 75.3000
| | | | | | | swap: 92.2000
| | | | | | | swap: 75.3000
| | | | | | | swap: 90.6000
| | | | | | | swap: 75.3000
| | | | | | | swap: 90.6000
| | | | | | | swap: 75.3000
| | | | | | | swap: 90.6000
| | | | | | | swap: 56.8000
| | | | | | quickSort: 53231.3000
| | | | | | | partition: 7796.1000
| | | | | | | | swap: 90.7000
| | | | | | | | swap: 90.7000
| | | | | | | | swap: 87.4000
| | | | | | | | swap: 84.1000
| | | | | | | | swap: 87.4000
| | | | | | | | swap: 75.7000
| | | | | | | | swap: 92.2000
| | | | | | | | swap: 75.3000
| | | | | | | | swap: 92.2000
| | | | | | | | swap: 75.3000
| | | | | | | | swap: 92.2000
| | | | | | | | swap: 75.3000
| | | | | | | | swap: 92.2000
| | | | | | | | swap: 75.3000
| | | | | | | | swap: 90.6000
| | | | | | | | swap: 75.3000
| | | | | | | | swap: 90.6000
| | | | | | | | swap: 75.3000
| | | | | | | | swap: 87.4000
| | | | | | | | swap: 75.3000
| | | | | | | | swap: 92.2000
| | | | | | | | swap: 75.3000
| | | | | | | | swap: 92.2000
| | | | | | | | swap: 75.3000
| | | | | | | | swap: 90.6000
| | | | | | | | swap: 75.3000
| | | | | | | | swap: 92.2000
| | | | | | | | swap: 75.3000
| | | | | | | | swap: 92.2000
| | | | | | | | swap: 75.3000
| | | | | | | | swap: 92.2000
| | | | | | | | swap: 75.3000
| | | | | | | | swap: 90.6000
| | | | | | | | swap: 75.3000
| | | | | | | | swap: 92.2000
| | | | | | | | swap: 75.3000
| | | | | | | | swap: 92.2000
| | | | | | | | swap: 75.3000
| | | | | | | | swap: 89.0000
| | | | | | | | swap: 75.3000
| | | | | | | | swap: 90.6000
| | | | | | | | swap: 75.3000
| | | | | | | | swap: 92.2000
| | | | | | | | swap: 74.6000
| | | | | | | quickSort: 25290.6000
| | | | | | | | partition: 2374.4000
| | | | | | | | | swap: 87.5000
| | | | | | | | | swap: 76.1000
| | | | | | | | | swap: 90.6000
| | | | | | | | | swap: 75.3000
| | | | | | | | | swap: 89.0000
| | | | | | | | | swap: 75.3000
| | | | | | | | | swap: 75.3000
| | | | | | | | | swap: 74.6000
| | | | | | | | quickSort: 2317.6000
| | | | | | | | | partition: 356.3000
| | | | | | | | | | swap: 84.5000
| | | | | | | | | quickSort: 3.0000
| | | | | | | | | quickSort: 1930.9000
| | | | | | | | | | partition: 838.7000
| | | | | | | | | | | swap: 95.6000
| | | | | | | | | | | swap: 92.3000
| | | | | | | | | | | swap: 95.6000
| | | | | | | | | | | swap: 92.3000
| | | | | | | | | | | swap: 94.9000
| | | | | | | | | | quickSort: 1061.8000
| | | | | | | | | | | partition: 277.9000
| | | | | | | | | | | | swap: 90.9000
| | | | | | | | | | | quickSort: 3.0000
| | | | | | | | | | | quickSort: 753.5000
| | | | | | | | | | | | partition: 492.3000
| | | | | | | | | | | | | swap: 95.6000
| | | | | | | | | | | | | swap: 95.6000
| | | | | | | | | | | | | swap: 94.9000
| | | | | | | | | | | | quickSort: 230.8000
| | | | | | | | | | | | | partition: 197.4000
| | | | | | | | | | | | | | swap: 91.1000
| | | | | | | | | | | | | quickSort: 3.0000
| | | | | | | | | | | | | quickSort: 3.0000
| | | | | | | | | | | | quickSort: 3.0000
| | | | | | | | | | quickSort: 3.0000
| | | | | | | | quickSort: 20571.2000
| | | | | | | | | partition: 2436.8000
| | | | | | | | | | swap: 92.3000
| | | | | | | | | | swap: 84.3000
| | | | | | | | | | swap: 92.2000
| | | | | | | | | | swap: 75.3000
| | | | | | | | | | swap: 89.0000
| | | | | | | | | | swap: 75.3000
| | | | | | | | | | swap: 89.0000
| | | | | | | | | | swap: 75.3000
| | | | | | | | | | swap: 87.4000
| | | | | | | | | | swap: 75.3000
| | | | | | | | | | swap: 92.4000
| | | | | | | | | quickSort: 3644.1000
| | | | | | | | | | partition: 925.1000
| | | | | | | | | | | swap: 92.3000
| | | | | | | | | | | swap: 92.3000
| | | | | | | | | | | swap: 92.2000
| | | | | | | | | | | swap: 92.3000
| | | | | | | | | | | swap: 69.8000
| | | | | | | | | | quickSort: 1516.5000
| | | | | | | | | | | partition: 620.7000
| | | | | | | | | | | | swap: 95.6000
| | | | | | | | | | | | swap: 95.6000
| | | | | | | | | | | | swap: 95.6000
| | | | | | | | | | | | swap: 84.9000
| | | | | | | | | | | quickSort: 865.4000
| | | | | | | | | | | | partition: 481.4000
| | | | | | | | | | | | | swap: 95.6000
| | | | | | | | | | | | | swap: 95.6000
| | | | | | | | | | | | | swap: 94.9000
| | | | | | | | | | | | quickSort: 353.6000
| | | | | | | | | | | | | partition: 320.2000
| | | | | | | | | | | | | | swap: 95.6000
| | | | | | | | | | | | | | swap: 91.7000
| | | | | | | | | | | | | quickSort: 3.0000
| | | | | | | | | | | | | quickSort: 3.0000
| | | | | | | | | | | | quickSort: 3.0000
| | | | | | | | | | | quickSort: 3.0000
| | | | | | | | | | quickSort: 1175.1000
| | | | | | | | | | | partition: 639.5000
| | | | | | | | | | | | swap: 95.6000
| | | | | | | | | | | | swap: 95.6000
| | | | | | | | | | | | swap: 95.6000
| | | | | | | | | | | | swap: 80.9000
| | | | | | | | | | | quickSort: 505.2000
| | | | | | | | | | | | partition: 239.0000
| | | | | | | | | | | | | swap: 89.5000
| | | | | | | | | | | | quickSort: 3.0000
| | | | | | | | | | | | quickSort: 235.8000
| | | | | | | | | | | | | partition: 202.4000
| | | | | | | | | | | | | | swap: 91.1000
| | | | | | | | | | | | | quickSort: 3.0000
| | | | | | | | | | | | | quickSort: 3.0000
| | | | | | | | | | | quickSort: 3.0000
| | | | | | | | | quickSort: 14462.9000
| | | | | | | | | | partition: 3765.6000
| | | | | | | | | | | swap: 95.6000
| | | | | | | | | | | swap: 95.6000
| | | | | | | | | | | swap: 95.6000
| | | | | | | | | | | swap: 95.6000
| | | | | | | | | | | swap: 95.6000
| | | | | | | | | | | swap: 95.6000
| | | | | | | | | | | swap: 95.6000
| | | | | | | | | | | swap: 95.6000
| | | | | | | | | | | swap: 95.6000
| | | | | | | | | | | swap: 95.6000
| | | | | | | | | | | swap: 95.6000
| | | | | | | | | | | swap: 95.6000
| | | | | | | | | | | swap: 95.6000
| | | | | | | | | | | swap: 95.6000
| | | | | | | | | | | swap: 95.6000
| | | | | | | | | | | swap: 95.6000
| | | | | | | | | | | swap: 95.6000
| | | | | | | | | | | swap: 95.6000
| | | | | | | | | | | swap: 95.6000
| | | | | | | | | | | swap: 95.6000
| | | | | | | | | | | swap: 95.6000
| | | | | | | | | | | swap: 95.6000
| | | | | | | | | | | swap: 95.6000
| | | | | | | | | | | swap: 94.9000
| | | | | | | | | | quickSort: 10666.9000
| | | | | | | | | | | partition: 2819.3000
| | | | | | | | | | | | swap: 95.6000
| | | | | | | | | | | | swap: 95.6000
| | | | | | | | | | | | swap: 95.6000
| | | | | | | | | | | | swap: 95.6000
| | | | | | | | | | | | swap: 95.6000
| | | | | | | | | | | | swap: 90.7000
| | | | | | | | | | | | swap: 92.3000
| | | | | | | | | | | | swap: 92.2000
| | | | | | | | | | | | swap: 92.3000
| | | | | | | | | | | | swap: 92.2000
| | | | | | | | | | | | swap: 90.7000
| | | | | | | | | | | | swap: 92.2000
| | | | | | | | | | | | swap: 88.9000
| | | | | | | | | | | | swap: 90.6000
| | | | | | | | | | | | swap: 87.3000
| | | | | | | | | | | | swap: 89.0000
| | | | | | | | | | | | swap: 64.7000
| | | | | | | | | | | quickSort: 5954.9000
| | | | | | | | | | | | partition: 2003.2000
| | | | | | | | | | | | | swap: 95.6000
| | | | | | | | | | | | | swap: 92.3000
| | | | | | | | | | | | | swap: 95.6000
| | | | | | | | | | | | | swap: 92.3000
| | | | | | | | | | | | | swap: 95.6000
| | | | | | | | | | | | | swap: 92.3000
| | | | | | | | | | | | | swap: 95.6000
| | | | | | | | | | | | | swap: 92.3000
| | | | | | | | | | | | | swap: 95.6000
| | | | | | | | | | | | | swap: 90.7000
| | | | | | | | | | | | | swap: 90.7000
| | | | | | | | | | | | | swap: 90.8000
| | | | | | | | | | | | quickSort: 3278.7000
| | | | | | | | | | | | | partition: 1078.8000
| | | | | | | | | | | | | | swap: 95.6000
| | | | | | | | | | | | | | swap: 87.5000
| | | | | | | | | | | | | | swap: 87.3000
| | | | | | | | | | | | | | swap: 92.2000
| | | | | | | | | | | | | | swap: 83.9000
| | | | | | | | | | | | | | swap: 74.6000
| | | | | | | | | | | | | quickSort: 962.2000
| | | | | | | | | | | | | | partition: 422.3000
| | | | | | | | | | | | | | | swap: 92.3000
| | | | | | | | | | | | | | | swap: 82.8000
| | | | | | | | | | | | | | quickSort: 3.0000
| | | | | | | | | | | | | | quickSort: 509.5000
| | | | | | | | | | | | | | | partition: 243.3000
| | | | | | | | | | | | | | | | swap: 89.5000
| | | | | | | | | | | | | | | quickSort: 3.0000
| | | | | | | | | | | | | | | quickSort: 235.8000
| | | | | | | | | | | | | | | | partition: 202.4000
| | | | | | | | | | | | | | | | | swap: 91.1000
| | | | | | | | | | | | | | | | quickSort: 3.0000
| | | | | | | | | | | | | | | | quickSort: 3.0000
| | | | | | | | | | | | | quickSort: 1210.3000
| | | | | | | | | | | | | | partition: 275.1000
| | | | | | | | | | | | | | | swap: 83.1000
| | | | | | | | | | | | | | quickSort: 3.0000
| | | | | | | | | | | | | | quickSort: 904.8000
| | | | | | | | | | | | | | | partition: 522.5000
| | | | | | | | | | | | | | | | swap: 95.6000
| | | | | | | | | | | | | | | | swap: 95.6000
| | | | | | | | | | | | | | | | swap: 84.3000
| | | | | | | | | | | | | | | quickSort: 351.9000
| | | | | | | | | | | | | | | | partition: 318.5000
| | | | | | | | | | | | | | | | | swap: 95.6000
| | | | | | | | | | | | | | | | | swap: 91.7000
| | | | | | | | | | | | | | | | quickSort: 3.0000
| | | | | | | | | | | | | | | | quickSort: 3.0000
| | | | | | | | | | | | | | | quickSort: 3.0000
| | | | | | | | | | | | quickSort: 645.6000
| | | | | | | | | | | | | partition: 373.9000
| | | | | | | | | | | | | | swap: 95.6000
| | | | | | | | | | | | | | swap: 90.9000
| | | | | | | | | | | | | quickSort: 3.0000
| | | | | | | | | | | | | quickSort: 241.3000
| | | | | | | | | | | | | | partition: 207.9000
| | | | | | | | | | | | | | | swap: 94.9000
| | | | | | | | | | | | | | quickSort: 3.0000
| | | | | | | | | | | | | | quickSort: 3.0000
| | | | | | | | | | | quickSort: 1865.3000
| | | | | | | | | | | | partition: 784.7000
| | | | | | | | | | | | | swap: 95.6000
| | | | | | | | | | | | | swap: 95.6000
| | | | | | | | | | | | | swap: 95.6000
| | | | | | | | | | | | | swap: 95.6000
| | | | | | | | | | | | | swap: 77.5000
| | | | | | | | | | | | quickSort: 1050.2000
| | | | | | | | | | | | | partition: 627.2000
| | | | | | | | | | | | | | swap: 95.6000
| | | | | | | | | | | | | | swap: 95.6000
| | | | | | | | | | | | | | swap: 95.6000
| | | | | | | | | | | | | | swap: 84.9000
| | | | | | | | | | | | | quickSort: 392.6000
| | | | | | | | | | | | | | partition: 359.2000
| | | | | | | | | | | | | | | swap: 95.6000
| | | | | | | | | | | | | | | swap: 94.9000
| | | | | | | | | | | | | | quickSort: 3.0000
| | | | | | | | | | | | | | quickSort: 3.0000
| | | | | | | | | | | | | quickSort: 3.0000
| | | | | | | | | | | | quickSort: 3.0000
| | | | | | | | | | quickSort: 3.0000
| | | | | | | quickSort: 20117.2000
| | | | | | | | partition: 4059.1000
| | | | | | | | | swap: 95.6000
| | | | | | | | | swap: 92.3000
| | | | | | | | | swap: 92.2000
| | | | | | | | | swap: 92.3000
| | | | | | | | | swap: 92.2000
| | | | | | | | | swap: 92.3000
| | | | | | | | | swap: 87.4000
| | | | | | | | | swap: 80.9000
| | | | | | | | | swap: 92.2000
| | | | | | | | | swap: 77.3000
| | | | | | | | | swap: 90.6000
| | | | | | | | | swap: 75.3000
| | | | | | | | | swap: 92.2000
| | | | | | | | | swap: 75.3000
| | | | | | | | | swap: 90.6000
| | | | | | | | | swap: 75.3000
| | | | | | | | | swap: 92.2000
| | | | | | | | | swap: 75.3000
| | | | | | | | | swap: 92.2000
| | | | | | | | | swap: 75.3000
| | | | | | | | | swap: 90.6000
| | | | | | | | | swap: 75.3000
| | | | | | | | | swap: 92.2000
| | | | | | | | | swap: 74.6000
| | | | | | | | quickSort: 10429.9000
| | | | | | | | | partition: 2263.2000
| | | | | | | | | | swap: 90.7000
| | | | | | | | | | swap: 87.5000
| | | | | | | | | | swap: 92.2000
| | | | | | | | | | swap: 80.7000
| | | | | | | | | | swap: 92.2000
| | | | | | | | | | swap: 78.9000
| | | | | | | | | | swap: 92.2000
| | | | | | | | | | swap: 75.5000
| | | | | | | | | | swap: 90.6000
| | | | | | | | | | swap: 75.3000
| | | | | | | | | | swap: 92.2000
| | | | | | | | | | swap: 75.3000
| | | | | | | | | | swap: 90.8000
| | | | | | | | | quickSort: 5014.3000
| | | | | | | | | | partition: 1741.2000
| | | | | | | | | | | swap: 95.6000
| | | | | | | | | | | swap: 95.6000
| | | | | | | | | | | swap: 95.6000
| | | | | | | | | | | swap: 95.6000
| | | | | | | | | | | swap: 95.6000
| | | | | | | | | | | swap: 95.6000
| | | | | | | | | | | swap: 92.3000
| | | | | | | | | | | swap: 95.6000
| | | | | | | | | | | swap: 92.3000
| | | | | | | | | | | swap: 95.6000
| | | | | | | | | | | swap: 74.7000
| | | | | | | | | | quickSort: 3242.7000
| | | | | | | | | | | partition: 784.7000
| | | | | | | | | | | | swap: 85.9000
| | | | | | | | | | | | swap: 84.1000
| | | | | | | | | | | | swap: 92.2000
| | | | | | | | | | | | swap: 62.9000
| | | | | | | | | | | quickSort: 390.8000
| | | | | | | | | | | | partition: 357.4000
| | | | | | | | | | | | | swap: 95.6000
| | | | | | | | | | | | | swap: 94.9000
| | | | | | | | | | | | quickSort: 3.0000
| | | | | | | | | | | | quickSort: 3.0000
| | | | | | | | | | | quickSort: 2039.8000
| | | | | | | | | | | | partition: 925.0000
| | | | | | | | | | | | | swap: 95.6000
| | | | | | | | | | | | | swap: 95.6000
| | | | | | | | | | | | | swap: 95.6000
| | | | | | | | | | | | | swap: 95.6000
| | | | | | | | | | | | | swap: 95.6000
| | | | | | | | | | | | | swap: 78.1000
| | | | | | | | | | | | quickSort: 1084.4000
| | | | | | | | | | | | | partition: 664.6000
| | | | | | | | | | | | | | swap: 95.6000
| | | | | | | | | | | | | | swap: 95.6000
| | | | | | | | | | | | | | swap: 92.3000
| | | | | | | | | | | | | | swap: 94.9000
| | | | | | | | | | | | | quickSort: 389.4000
| | | | | | | | | | | | | | partition: 356.0000
| | | | | | | | | | | | | | | swap: 92.3000
| | | | | | | | | | | | | | | swap: 94.9000
| | | | | | | | | | | | | | quickSort: 3.0000
| | | | | | | | | | | | | | quickSort: 3.0000
| | | | | | | | | | | | | quickSort: 3.0000
| | | | | | | | | | | | quickSort: 3.0000
| | | | | | | | | | quickSort: 3.0000
| | | | | | | | | quickSort: 3125.0000
| | | | | | | | | | partition: 1176.8000
| | | | | | | | | | | swap: 95.6000
| | | | | | | | | | | swap: 95.6000
| | | | | | | | | | | swap: 95.6000
| | | | | | | | | | | swap: 95.6000
| | | | | | | | | | | swap: 95.6000
| | | | | | | | | | | swap: 89.1000
| | | | | | | | | | | swap: 89.1000
| | | | | | | | | | quickSort: 1438.9000
| | | | | | | | | | | partition: 455.3000
| | | | | | | | | | | | swap: 89.1000
| | | | | | | | | | | | swap: 92.4000
| | | | | | | | | | | quickSort: 3.0000
| | | | | | | | | | | quickSort: 953.2000
| | | | | | | | | | | | partition: 283.2000
| | | | | | | | | | | | | swap: 90.9000
| | | | | | | | | | | | quickSort: 3.0000
| | | | | | | | | | | | quickSort: 639.6000
| | | | | | | | | | | | | partition: 245.7000
| | | | | | | | | | | | | | swap: 90.9000
| | | | | | | | | | | | | quickSort: 3.0000
| | | | | | | | | | | | | quickSort: 363.5000
| | | | | | | | | | | | | | partition: 330.1000
| | | | | | | | | | | | | | | swap: 95.6000
| | | | | | | | | | | | | | | swap: 94.9000
| | | | | | | | | | | | | | quickSort: 3.0000
| | | | | | | | | | | | | | quickSort: 3.0000
| | | | | | | | | | quickSort: 481.9000
| | | | | | | | | | | partition: 210.2000
| | | | | | | | | | | | swap: 90.9000
| | | | | | | | | | | quickSort: 3.0000
| | | | | | | | | | | quickSort: 241.3000
| | | | | | | | | | | | partition: 207.9000
| | | | | | | | | | | | | swap: 94.9000
| | | | | | | | | | | | quickSort: 3.0000
| | | | | | | | | | | | quickSort: 3.0000
| | | | | | | | quickSort: 5600.8000
| | | | | | | | | partition: 1161.3000
| | | | | | | | | | swap: 84.3000
| | | | | | | | | | swap: 80.9000
| | | | | | | | | | swap: 90.6000
| | | | | | | | | | swap: 75.7000
| | | | | | | | | | swap: 92.2000
| | | | | | | | | | swap: 74.6000
| | | | | | | | | quickSort: 852.1000
| | | | | | | | | | partition: 418.2000
| | | | | | | | | | | swap: 92.3000
| | | | | | | | | | | swap: 90.9000
| | | | | | | | | | quickSort: 3.0000
| | | | | | | | | | quickSort: 403.5000
| | | | | | | | | | | partition: 370.1000
| | | | | | | | | | | | swap: 95.6000
| | | | | | | | | | | | swap: 94.9000
| | | | | | | | | | | quickSort: 3.0000
| | | | | | | | | | | quickSort: 3.0000
| | | | | | | | | quickSort: 3560.0000
| | | | | | | | | | partition: 1253.2000
| | | | | | | | | | | swap: 92.3000
| | | | | | | | | | | swap: 95.6000
| | | | | | | | | | | swap: 92.3000
| | | | | | | | | | | swap: 95.6000
| | | | | | | | | | | swap: 92.3000
| | | | | | | | | | | swap: 95.6000
| | | | | | | | | | | swap: 92.3000
| | | | | | | | | | | swap: 94.9000
| | | | | | | | | | quickSort: 2276.4000
| | | | | | | | | | | partition: 600.0000
| | | | | | | | | | | | swap: 95.6000
| | | | | | | | | | | | swap: 90.7000
| | | | | | | | | | | | swap: 90.8000
| | | | | | | | | | | quickSort: 224.3000
| | | | | | | | | | | | partition: 190.9000
| | | | | | | | | | | | | swap: 91.1000
| | | | | | | | | | | | quickSort: 3.0000
| | | | | | | | | | | | quickSort: 3.0000
| | | | | | | | | | | quickSort: 1424.7000
| | | | | | | | | | | | partition: 640.8000
| | | | | | | | | | | | | swap: 95.6000
| | | | | | | | | | | | | swap: 95.6000
| | | | | | | | | | | | | swap: 95.6000
| | | | | | | | | | | | | swap: 94.9000
| | | | | | | | | | | | quickSort: 753.5000
| | | | | | | | | | | | | partition: 483.9000
| | | | | | | | | | | | | | swap: 95.6000
| | | | | | | | | | | | | | swap: 95.6000
| | | | | | | | | | | | | | swap: 88.3000
| | | | | | | | | | | | | quickSort: 239.2000
| | | | | | | | | | | | | | partition: 205.8000
| | | | | | | | | | | | | | | swap: 94.9000
| | | | | | | | | | | | | | quickSort: 3.0000
| | | | | | | | | | | | | | quickSort: 3.0000
| | | | | | | | | | | | | quickSort: 3.0000
| | | | | | | | | | | | quickSort: 3.0000
| | | | | | | | | | quickSort: 3.0000
| | | | | | quickSort: 11816.8000
| | | | | | | partition: 2800.4000
| | | | | | | | swap: 95.6000
| | | | | | | | swap: 95.6000
| | | | | | | | swap: 95.6000
| | | | | | | | swap: 95.6000
| | | | | | | | swap: 95.6000
| | | | | | | | swap: 92.3000
| | | | | | | | swap: 89.0000
| | | | | | | | swap: 84.1000
| | | | | | | | swap: 92.2000
| | | | | | | | swap: 82.3000
| | | | | | | | swap: 89.0000
| | | | | | | | swap: 75.3000
| | | | | | | | swap: 92.2000
| | | | | | | | swap: 75.3000
| | | | | | | | swap: 92.2000
| | | | | | | | swap: 56.8000
| | | | | | | quickSort: 5791.5000
| | | | | | | | partition: 1580.1000
| | | | | | | | | swap: 95.6000
| | | | | | | | | swap: 95.6000
| | | | | | | | | swap: 92.3000
| | | | | | | | | swap: 92.3000
| | | | | | | | | swap: 92.2000
| | | | | | | | | swap: 90.7000
| | | | | | | | | swap: 89.0000
| | | | | | | | | swap: 85.7000
| | | | | | | | | swap: 90.8000
| | | | | | | | quickSort: 2527.3000
| | | | | | | | | partition: 504.1000
| | | | | | | | | | swap: 95.6000
| | | | | | | | | | swap: 73.3000
| | | | | | | | | quickSort: 3.0000
| | | | | | | | | quickSort: 1992.8000
| | | | | | | | | | partition: 955.4000
| | | | | | | | | | | swap: 95.6000
| | | | | | | | | | | swap: 95.6000
| | | | | | | | | | | swap: 95.6000
| | | | | | | | | | | swap: 95.6000
| | | | | | | | | | | swap: 95.6000
| | | | | | | | | | | swap: 78.1000
| | | | | | | | | | quickSort: 1007.0000
| | | | | | | | | | | partition: 299.5000
| | | | | | | | | | | | swap: 87.7000
| | | | | | | | | | | quickSort: 3.0000
| | | | | | | | | | | quickSort: 677.1000
| | | | | | | | | | | | partition: 405.4000
| | | | | | | | | | | | | swap: 95.6000
| | | | | | | | | | | | | swap: 90.9000
| | | | | | | | | | | | quickSort: 3.0000
| | | | | | | | | | | | quickSort: 241.3000
| | | | | | | | | | | | | partition: 207.9000
| | | | | | | | | | | | | | swap: 94.9000
| | | | | | | | | | | | | quickSort: 3.0000
| | | | | | | | | | | | | quickSort: 3.0000
| | | | | | | | | | quickSort: 3.0000
| | | | | | | | quickSort: 1656.7000
| | | | | | | | | partition: 438.8000
| | | | | | | | | | swap: 89.1000
| | | | | | | | | | swap: 92.4000
| | | | | | | | | quickSort: 3.0000
| | | | | | | | | quickSort: 1187.5000
| | | | | | | | | | partition: 650.2000
| | | | | | | | | | | swap: 95.6000
| | | | | | | | | | | swap: 95.6000
| | | | | | | | | | | swap: 95.6000
| | | | | | | | | | | swap: 94.9000
| | | | | | | | | | quickSort: 506.9000
| | | | | | | | | | | partition: 240.7000
| | | | | | | | | | | | swap: 89.5000
| | | | | | | | | | | quickSort: 3.0000
| | | | | | | | | | | quickSort: 235.8000
| | | | | | | | | | | | partition: 202.4000
| | | | | | | | | | | | | swap: 91.1000
| | | | | | | | | | | | quickSort: 3.0000
| | | | | | | | | | | | quickSort: 3.0000
| | | | | | | | | | quickSort: 3.0000
| | | | | | | quickSort: 3197.5000
| | | | | | | | partition: 722.1000
| | | | | | | | | swap: 82.7000
| | | | | | | | | swap: 82.5000
| | | | | | | | | swap: 71.4000
| | | | | | | | quickSort: 350.2000
| | | | | | | | | partition: 316.8000
| | | | | | | | | | swap: 95.6000
| | | | | | | | | | swap: 91.7000
| | | | | | | | | quickSort: 3.0000
| | | | | | | | | quickSort: 3.0000
| | | | | | | | quickSort: 2097.8000
| | | | | | | | | partition: 534.6000
| | | | | | | | | | swap: 89.1000
| | | | | | | | | | swap: 73.2000
| | | | | | | | | quickSort: 3.0000
| | | | | | | | | quickSort: 1532.8000
| | | | | | | | | | partition: 733.6000
| | | | | | | | | | | swap: 95.6000
| | | | | | | | | | | swap: 90.7000
| | | | | | | | | | | swap: 90.7000
| | | | | | | | | | | swap: 77.6000
| | | | | | | | | | quickSort: 392.7000
| | | | | | | | | | | partition: 359.3000
| | | | | | | | | | | | swap: 95.6000
| | | | | | | | | | | | swap: 87.7000
| | | | | | | | | | | quickSort: 3.0000
| | | | | | | | | | | quickSort: 3.0000
| | | | | | | | | | quickSort: 379.1000
| | | | | | | | | | | partition: 345.7000
| | | | | | | | | | | | swap: 95.6000
| | | | | | | | | | | | swap: 87.7000
| | | | | | | | | | | quickSort: 3.0000
| | | | | | | | | | | quickSort: 3.0000
| | | quickSort: 18467.2000
| | | | partition: 3078.8000
| | | | | swap: 95.6000
| | | | | swap: 90.7000
| | | | | swap: 87.5000
| | | | | swap: 92.2000
| | | | | swap: 83.9000
| | | | | swap: 90.6000
| | | | | swap: 78.9000
| | | | | swap: 87.4000
| | | | | swap: 75.3000
| | | | | swap: 92.2000
| | | | | swap: 75.3000
| | | | | swap: 85.8000
| | | | | swap: 75.3000
| | | | | swap: 90.6000
| | | | | swap: 74.6000
| | | | quickSort: 4892.5000
| | | | | partition: 1295.9000
| | | | | | swap: 95.6000
| | | | | | swap: 89.1000
| | | | | | swap: 87.3000
| | | | | | swap: 92.2000
| | | | | | swap: 85.5000
| | | | | | swap: 87.4000
| | | | | | swap: 80.9000
| | | | | quickSort: 1899.4000
| | | | | | partition: 334.8000
| | | | | | | swap: 87.7000
| | | | | | quickSort: 3.0000
| | | | | | quickSort: 1534.2000
| | | | | | | partition: 810.8000
| | | | | | | | swap: 95.6000
| | | | | | | | swap: 95.6000
| | | | | | | | swap: 95.6000
| | | | | | | | swap: 95.6000
| | | | | | | | swap: 94.9000
| | | | | | | quickSort: 693.0000
| | | | | | | | partition: 265.5000
| | | | | | | | | swap: 84.7000
| | | | | | | | quickSort: 3.0000
| | | | | | | | quickSort: 397.1000
| | | | | | | | | partition: 363.7000
| | | | | | | | | | swap: 95.6000
| | | | | | | | | | swap: 87.7000
| | | | | | | | | quickSort: 3.0000
| | | | | | | | | quickSort: 3.0000
| | | | | | | quickSort: 3.0000
| | | | | quickSort: 1669.8000
| | | | | | partition: 463.6000
| | | | | | | swap: 95.6000
| | | | | | | swap: 87.7000
| | | | | | quickSort: 3.0000
| | | | | | quickSort: 1175.8000
| | | | | | | partition: 562.7000
| | | | | | | | swap: 92.3000
| | | | | | | | swap: 95.6000
| | | | | | | | swap: 90.9000
| | | | | | | quickSort: 351.8000
| | | | | | | | partition: 318.4000
| | | | | | | | | swap: 95.6000
| | | | | | | | | swap: 91.7000
| | | | | | | | quickSort: 3.0000
| | | | | | | | quickSort: 3.0000
| | | | | | | quickSort: 233.9000
| | | | | | | | partition: 200.5000
| | | | | | | | | swap: 94.9000
| | | | | | | | quickSort: 3.0000
| | | | | | | | quickSort: 3.0000
| | | | quickSort: 10468.5000
| | | | | partition: 1647.5000
| | | | | | swap: 90.7000
| | | | | | swap: 87.5000
| | | | | | swap: 92.2000
| | | | | | swap: 75.9000
| | | | | | swap: 89.0000
| | | | | | swap: 75.3000
| | | | | | swap: 90.8000
| | | | | quickSort: 1250.7000
| | | | | | partition: 429.2000
| | | | | | | swap: 87.5000
| | | | | | | swap: 77.9000
| | | | | | quickSort: 3.0000
| | | | | | quickSort: 791.1000
| | | | | | | partition: 402.1000
| | | | | | | | swap: 95.6000
| | | | | | | | swap: 86.1000
| | | | | | | quickSort: 3.0000
| | | | | | | quickSort: 358.6000
| | | | | | | | partition: 325.2000
| | | | | | | | | swap: 95.6000
| | | | | | | | | swap: 91.7000
| | | | | | | | quickSort: 3.0000
| | | | | | | | quickSort: 3.0000
| | | | | quickSort: 7542.9000
| | | | | | partition: 1537.4000
| | | | | | | swap: 95.6000
| | | | | | | swap: 90.7000
| | | | | | | swap: 89.1000
| | | | | | | swap: 89.0000
| | | | | | | swap: 82.3000
| | | | | | | swap: 90.6000
| | | | | | | swap: 75.3000
| | | | | | | swap: 92.4000
| | | | | | quickSort: 1981.3000
| | | | | | | partition: 719.9000
| | | | | | | | swap: 95.6000
| | | | | | | | swap: 92.3000
| | | | | | | | swap: 95.6000
| | | | | | | | swap: 74.5000
| | | | | | | quickSort: 503.5000
| | | | | | | | partition: 237.3000
| | | | | | | | | swap: 89.5000
| | | | | | | | quickSort: 3.0000
| | | | | | | | quickSort: 235.8000
| | | | | | | | | partition: 202.4000
| | | | | | | | | | swap: 91.1000
| | | | | | | | | quickSort: 3.0000
| | | | | | | | | quickSort: 3.0000
| | | | | | | quickSort: 730.5000
| | | | | | | | partition: 460.9000
| | | | | | | | | swap: 95.6000
| | | | | | | | | swap: 95.6000
| | | | | | | | | swap: 88.3000
| | | | | | | | quickSort: 239.2000
| | | | | | | | | partition: 205.8000
| | | | | | | | | | swap: 94.9000
| | | | | | | | | quickSort: 3.0000
| | | | | | | | | quickSort: 3.0000
| | | | | | | | quickSort: 3.0000
| | | | | | quickSort: 3996.8000
| | | | | | | partition: 1555.7000
| | | | | | | | swap: 95.6000
| | | | | | | | swap: 95.6000
| | | | | | | | swap: 95.6000
| | | | | | | | swap: 95.6000
| | | | | | | | swap: 95.6000
| | | | | | | | swap: 95.6000
| | | | | | | | swap: 95.6000
| | | | | | | | swap: 95.6000
| | | | | | | | swap: 95.6000
| | | | | | | | swap: 94.9000
| | | | | | | quickSort: 2410.7000
| | | | | | | | partition: 662.9000
| | | | | | | | | swap: 95.6000
| | | | | | | | | swap: 90.7000
| | | | | | | | | swap: 69.9000
| | | | | | | | quickSort: 232.7000
| | | | | | | | | partition: 199.3000
| | | | | | | | | | swap: 94.9000
| | | | | | | | | quickSort: 3.0000
| | | | | | | | | quickSort: 3.0000
| | | | | | | | quickSort: 1487.7000
| | | | | | | | | partition: 808.7000
| | | | | | | | | | swap: 95.6000
| | | | | | | | | | swap: 95.6000
| | | | | | | | | | swap: 92.3000
| | | | | | | | | | swap: 95.6000
| | | | | | | | | | swap: 77.5000
| | | | | | | | | quickSort: 648.6000
| | | | | | | | | | partition: 382.4000
| | | | | | | | | | | swap: 90.7000
| | | | | | | | | | | swap: 86.1000
| | | | | | | | | | quickSort: 3.0000
| | | | | | | | | | quickSort: 235.8000
| | | | | | | | | | | partition: 202.4000
| | | | | | | | | | | | swap: 91.1000
| | | | | | | | | | | quickSort: 3.0000
| | | | | | | | | | | quickSort: 3.0000
| | | | | | | | | quickSort: 3.0000
| | | | | | | quickSort: 3.0000
